[     836ms] [INFO] %cDownload the React DevTools for a better development experience: https://react.dev/link/react-devtools font-weight:bold @ http://localhost:3000/_next/static/chunks/de433_next_dist_287ebc9e._.js:2297
[     853ms] [LOG] [HMR] connected @ http://localhost:3000/_next/static/chunks/de433_next_dist_287ebc9e._.js:2297
[    1008ms] [WARNING] Error while trying to use the following icon from the Manifest: http://localhost:3000/favicon.png (Resource size is not correct - typo in the Manifest?) @ http://localhost:3000/receiving?mode=triage:0
[    1808ms] [WARNING] You are trying to animate strokeDashoffset from "undefined" to "65.97344572538566". undefined is not an animatable value - to enable this animation set undefined to a value animatable to 65.97344572538566 via the `style` property. @ http://localhost:3000/_next/static/chunks/de433_next_dist_287ebc9e._.js:2297
[  468735ms] [LOG] [Fast Refresh] rebuilding @ http://localhost:3000/_next/static/chunks/de433_next_dist_287ebc9e._.js:2297
[  468765ms] [LOG] [Fast Refresh] done in 132ms @ http://localhost:3000/_next/static/chunks/de433_next_dist_287ebc9e._.js:2297
[  607590ms] [LOG] [Fast Refresh] rebuilding @ http://localhost:3000/_next/static/chunks/de433_next_dist_287ebc9e._.js:2297
[  607614ms] [LOG] [Fast Refresh] done in 97ms @ http://localhost:3000/_next/static/chunks/de433_next_dist_287ebc9e._.js:2297
[  610439ms] [LOG] [Fast Refresh] rebuilding @ http://localhost:3000/_next/static/chunks/de433_next_dist_287ebc9e._.js:2297
[  610463ms] [LOG] [Fast Refresh] done in 91ms @ http://localhost:3000/_next/static/chunks/de433_next_dist_287ebc9e._.js:2297
[  626541ms] [LOG] [Fast Refresh] rebuilding @ http://localhost:3000/_next/static/chunks/de433_next_dist_287ebc9e._.js:2297
[  626564ms] [LOG] [Fast Refresh] done in 99ms @ http://localhost:3000/_next/static/chunks/de433_next_dist_287ebc9e._.js:2297
[  628253ms] [LOG] [Fast Refresh] rebuilding @ http://localhost:3000/_next/static/chunks/de433_next_dist_287ebc9e._.js:2297
[  628277ms] [LOG] [Fast Refresh] done in 99ms @ http://localhost:3000/_next/static/chunks/de433_next_dist_287ebc9e._.js:2297
[  652575ms] [LOG] [Fast Refresh] rebuilding @ http://localhost:3000/_next/static/chunks/de433_next_dist_287ebc9e._.js:2297
[  652888ms] [LOG] [Fast Refresh] done in 385ms @ http://localhost:3000/_next/static/chunks/de433_next_dist_287ebc9e._.js:2297
[  656455ms] [LOG] [Fast Refresh] rebuilding @ http://localhost:3000/_next/static/chunks/de433_next_dist_287ebc9e._.js:2297
[  656493ms] [LOG] [Fast Refresh] done in 138ms @ http://localhost:3000/_next/static/chunks/de433_next_dist_287ebc9e._.js:2297
[  657051ms] [LOG] [Fast Refresh] rebuilding @ http://localhost:3000/_next/static/chunks/de433_next_dist_287ebc9e._.js:2297
[  657091ms] [LOG] [Fast Refresh] done in 141ms @ http://localhost:3000/_next/static/chunks/de433_next_dist_287ebc9e._.js:2297
[  661456ms] [LOG] [Fast Refresh] rebuilding @ http://localhost:3000/_next/static/chunks/de433_next_dist_287ebc9e._.js:2297
[  661511ms] [LOG] [Fast Refresh] done in 155ms @ http://localhost:3000/_next/static/chunks/de433_next_dist_287ebc9e._.js:2297
[  667383ms] [LOG] [Fast Refresh] rebuilding @ http://localhost:3000/_next/static/chunks/de433_next_dist_287ebc9e._.js:2297
[  667405ms] [LOG] [Fast Refresh] done in 123ms @ http://localhost:3000/_next/static/chunks/de433_next_dist_287ebc9e._.js:2297
[  671624ms] [LOG] [Fast Refresh] rebuilding @ http://localhost:3000/_next/static/chunks/de433_next_dist_287ebc9e._.js:2297
[  671716ms] [LOG] [Fast Refresh] done in 192ms @ http://localhost:3000/_next/static/chunks/de433_next_dist_287ebc9e._.js:2297
[  673407ms] [LOG] [Fast Refresh] rebuilding @ http://localhost:3000/_next/static/chunks/de433_next_dist_287ebc9e._.js:2297
[  673463ms] [LOG] [Fast Refresh] done in 156ms @ http://localhost:3000/_next/static/chunks/de433_next_dist_287ebc9e._.js:2297
[  674719ms] [LOG] [Fast Refresh] rebuilding @ http://localhost:3000/_next/static/chunks/de433_next_dist_287ebc9e._.js:2297
[  674771ms] [LOG] [Fast Refresh] done in 151ms @ http://localhost:3000/_next/static/chunks/de433_next_dist_287ebc9e._.js:2297
[  675998ms] [LOG] [Fast Refresh] rebuilding @ http://localhost:3000/_next/static/chunks/de433_next_dist_287ebc9e._.js:2297
[  676028ms] [LOG] [Fast Refresh] done in 131ms @ http://localhost:3000/_next/static/chunks/de433_next_dist_287ebc9e._.js:2297
[  676506ms] [LOG] [Fast Refresh] rebuilding @ http://localhost:3000/_next/static/chunks/de433_next_dist_287ebc9e._.js:2297
[  676509ms] [LOG] [Fast Refresh] done in 104ms @ http://localhost:3000/_next/static/chunks/de433_next_dist_287ebc9e._.js:2297
[  678106ms] [LOG] [Fast Refresh] rebuilding @ http://localhost:3000/_next/static/chunks/de433_next_dist_287ebc9e._.js:2297
[  678143ms] [LOG] [Fast Refresh] done in 137ms @ http://localhost:3000/_next/static/chunks/de433_next_dist_287ebc9e._.js:2297
[  678753ms] [LOG] [Fast Refresh] rebuilding @ http://localhost:3000/_next/static/chunks/de433_next_dist_287ebc9e._.js:2297
[  678777ms] [LOG] [Fast Refresh] done in 124ms @ http://localhost:3000/_next/static/chunks/de433_next_dist_287ebc9e._.js:2297
[  679518ms] [LOG] [Fast Refresh] rebuilding @ http://localhost:3000/_next/static/chunks/de433_next_dist_287ebc9e._.js:2297
[  679533ms] [LOG] [Fast Refresh] done in 116ms @ http://localhost:3000/_next/static/chunks/de433_next_dist_287ebc9e._.js:2297
