[     944ms] [INFO] %cDownload the React DevTools for a better development experience: https://react.dev/link/react-devtools font-weight:bold @ http://localhost:3000/_next/static/chunks/de433_next_dist_287ebc9e._.js:2297
[     994ms] [LOG] [HMR] connected @ http://localhost:3000/_next/static/chunks/de433_next_dist_287ebc9e._.js:2297
[    1189ms] [LOG] [Fast Refresh] rebuilding @ http://localhost:3000/_next/static/chunks/de433_next_dist_287ebc9e._.js:2297
[    1238ms] [LOG] [Fast Refresh] done in 151ms @ http://localhost:3000/_next/static/chunks/de433_next_dist_287ebc9e._.js:2297
[    1246ms] [ERROR] Failed to load resource: the server responded with a status of 401 (Unauthorized) @ http://localhost:3000/api/staff?active=false:0
[    1472ms] [WARNING] Error while trying to use the following icon from the Manifest: http://localhost:3000/favicon.png (Download error or resource isn't a valid image) @ http://localhost:3000/signin?next=/receiving:0
[    1474ms] [ERROR] Failed to load resource: the server responded with a status of 401 (Unauthorized) @ http://localhost:3000/api/realtime/token?rnd=7402276524767077:0
[    1475ms] [WARNING] 22:30:45.920 Ably: Auth.requestToken(): token request signing call returned error; err = [_PartialErrorInfo: Error response received from server: 401 body was: {"error":"UNAUTHENTICATED"}; statusCode=401] @ http://localhost:3000/_next/static/chunks/de433_next_dist_287ebc9e._.js:2297
[    4811ms] [WARNING] The resource http://localhost:3000/_next/static/chunks/_6519aa76._.css was preloaded using link preload but not used within a few seconds from the window's load event. Please make sure it has an appropriate `as` value and it is preloaded intentionally. @ http://localhost:3000/signin?next=/receiving:0
[   10830ms] [ERROR] Failed to load resource: the server responded with a status of 401 (Unauthorized) @ http://localhost:3000/api/auth/signin:0
[   10835ms] [ERROR] Failed to load resource: the server responded with a status of 401 (Unauthorized) @ http://localhost:3000/api/auth/signin:0
[   13835ms] [WARNING] The resource http://localhost:3000/_next/static/chunks/_6519aa76._.css was preloaded using link preload but not used within a few seconds from the window's load event. Please make sure it has an appropriate `as` value and it is preloaded intentionally. @ http://localhost:3000/signin?next=/receiving:0
[   14004ms] [ERROR] Failed to load resource: the server responded with a status of 401 (Unauthorized) @ http://localhost:3000/api/realtime/token?rnd=689215610079547:0
[   14005ms] [WARNING] 22:30:58.450 Ably: Auth.requestToken(): token request signing call returned error; err = [_PartialErrorInfo: Error response received from server: 401 body was: {"error":"UNAUTHENTICATED"}; statusCode=401] @ http://localhost:3000/_next/static/chunks/de433_next_dist_287ebc9e._.js:2297
[   16139ms] [INFO] %cDownload the React DevTools for a better development experience: https://react.dev/link/react-devtools font-weight:bold @ http://localhost:3000/_next/static/chunks/de433_next_dist_287ebc9e._.js:2297
[   16151ms] [LOG] [HMR] connected @ http://localhost:3000/_next/static/chunks/de433_next_dist_287ebc9e._.js:2297
[   16680ms] [ERROR] Failed to load resource: the server responded with a status of 500 (Internal Server Error) @ http://localhost:3000/api/receiving-lines?limit=500&offset=0&include=serials&view=activity:0
[   17087ms] [ERROR] Failed to load resource: the server responded with a status of 500 (Internal Server Error) @ http://localhost:3000/api/receiving-lines?limit=500&offset=0&include=serials&view=all:0
[   17482ms] [ERROR] Failed to load resource: the server responded with a status of 500 (Internal Server Error) @ http://localhost:3000/api/receiving-lines?limit=1&offset=0&view=activity&include=serials:0
[   17486ms] [WARNING] Error while trying to use the following icon from the Manifest: http://localhost:3000/favicon.png (Resource size is not correct - typo in the Manifest?) @ http://localhost:3000/receiving:0
[   17588ms] [WARNING] You are trying to animate strokeDashoffset from "undefined" to "59.37610115284709". undefined is not an animatable value - to enable this animation set undefined to a value animatable to 59.37610115284709 via the `style` property. @ http://localhost:3000/_next/static/chunks/de433_next_dist_287ebc9e._.js:2297
[   17760ms] [ERROR] Failed to load resource: the server responded with a status of 500 (Internal Server Error) @ http://localhost:3000/api/receiving-lines?limit=1&offset=0&view=activity&include=serials:0
[   18111ms] [ERROR] Failed to load resource: the server responded with a status of 500 (Internal Server Error) @ http://localhost:3000/api/receiving-lines?limit=500&offset=0&include=serials&view=activity:0
[   18516ms] [ERROR] Failed to load resource: the server responded with a status of 500 (Internal Server Error) @ http://localhost:3000/api/receiving-lines?limit=500&offset=0&include=serials&view=all:0
[   38131ms] [ERROR] Failed to load resource: the server responded with a status of 500 (Internal Server Error) @ http://localhost:3000/api/receiving-lines?limit=1&offset=0&view=activity&include=serials:0
[   88044ms] [LOG] [Fast Refresh] rebuilding @ http://localhost:3000/_next/static/chunks/de433_next_dist_287ebc9e._.js:2297
[   88119ms] [LOG] [Fast Refresh] done in 176ms @ http://localhost:3000/_next/static/chunks/de433_next_dist_287ebc9e._.js:2297
